[1;32m1 [ Shard ] [src/shard.c -> 303] [0mInitializing shardWM on display :50
[1;32m2 [ Shard ] [src/shard.c -> 313] [0mCreated cursor!
[1;32m3 [ Shard ] [src/shard.c -> 314] [0mGrabbed input!
[1;32m4 [ Shard ] [src/shard.c -> 316] [0mInitialized shardWM
[1;32m5 [ Shard ] [src/shard.c -> 260] [0mRunning shard...
[1;32m6 [ Shard ] [src/events.c -> 76] [0mEvent: KeyPress
[1;32m7 [ Shard ] [src/events.c -> 51] [0mEvent: ConfigureRequest
[1;32m8 [ Shard ] [src/shard.c -> 164] [0mAdded window 8388611
[1;32m9 [ Shard ] [src/tiling.c -> 64] [0mSet up master 8388611
[1;32m10 [ Shard ] [src/tiling.c -> 34] [0mUpdating primary master...
[1;32m11 [ Shard ] [src/events.c -> 67] [0mEvent: MapRequest
[1;32m12 [ Shard ] [src/events.c -> 82] [0mEvent: EnterNotify
[1;32m13 [ Shard ] [src/shard.c -> 260] [0mRunning shard...
[1;32m14 [ Shard ] [src/events.c -> 76] [0mEvent: KeyPress
[1;32m15 [ Shard ] [src/events.c -> 51] [0mEvent: ConfigureRequest
[1;32m16 [ Shard ] [src/shard.c -> 164] [0mAdded window 10485763
[1;32m17 [ Shard ] [src/tiling.c -> 37] [0mUpdating master...
[1;32m18 [ Shard ] [src/events.c -> 67] [0mEvent: MapRequest
[1;32m19 [ Shard ] [src/shard.c -> 260] [0mRunning shard...
[1;32m20 [ Shard ] [src/events.c -> 76] [0mEvent: KeyPress
[1;32m21 [ Shard ] [src/events.c -> 51] [0mEvent: ConfigureRequest
[1;32m22 [ Shard ] [src/shard.c -> 164] [0mAdded window 12582915
[1;32m23 [ Shard ] [src/tiling.c -> 42] [0mUpdating stack....
[1;32m24 [ Shard ] [src/tiling.c -> 44] [0mTiled: 0 -> 8388611
[1;32m25 [ Shard ] [src/tiling.c -> 44] [0mTiled: 1 -> 10485763
[1;32m26 [ Shard ] [src/tiling.c -> 44] [0mTiled: 2 -> 12582915
[1;32m27 [ Shard ] [src/events.c -> 67] [0mEvent: MapRequest
[1;32m28 [ Shard ] [src/shard.c -> 260] [0mRunning shard...
[1;32m29 [ Shard ] [src/events.c -> 76] [0mEvent: KeyPress
[1;32m30 [ Shard ] [src/events.c -> 51] [0mEvent: ConfigureRequest
[1;32m31 [ Shard ] [src/shard.c -> 164] [0mAdded window 14680067
[1;32m32 [ Shard ] [src/tiling.c -> 42] [0mUpdating stack....
[1;32m33 [ Shard ] [src/tiling.c -> 44] [0mTiled: 0 -> 8388611
[1;32m34 [ Shard ] [src/tiling.c -> 44] [0mTiled: 1 -> 10485763
[1;32m35 [ Shard ] [src/tiling.c -> 44] [0mTiled: 2 -> 12582915
[1;32m36 [ Shard ] [src/tiling.c -> 44] [0mTiled: 3 -> 14680067
[1;32m37 [ Shard ] [src/events.c -> 67] [0mEvent: MapRequest
[1;32m38 [ Shard ] [src/tiling.c -> 42] [0mUpdating stack....
[1;32m39 [ Shard ] [src/tiling.c -> 44] [0mTiled: 0 -> 8388611
[1;32m40 [ Shard ] [src/tiling.c -> 44] [0mTiled: 1 -> 10485763
[1;32m41 [ Shard ] [src/tiling.c -> 44] [0mTiled: 2 -> 14680067
[1;32m42 [ Shard ] [src/tiling.c -> 44] [0mTiled: 3 -> 12582915
[1;32m43 [ Shard ] [src/events.c -> 76] [0mEvent: KeyPress
[1;32m44 [ Shard ] [src/tiling.c -> 42] [0mUpdating stack....
[1;32m45 [ Shard ] [src/tiling.c -> 44] [0mTiled: 0 -> 8388611
[1;32m46 [ Shard ] [src/tiling.c -> 44] [0mTiled: 1 -> 10485763
[1;32m47 [ Shard ] [src/tiling.c -> 44] [0mTiled: 2 -> 12582915
[1;32m48 [ Shard ] [src/tiling.c -> 44] [0mTiled: 3 -> 14680067
[1;32m49 [ Shard ] [src/events.c -> 76] [0mEvent: KeyPress
[1;32m50 [ Shard ] [src/tiling.c -> 42] [0mUpdating stack....
[1;32m51 [ Shard ] [src/tiling.c -> 44] [0mTiled: 0 -> 8388611
[1;32m52 [ Shard ] [src/tiling.c -> 44] [0mTiled: 1 -> 10485763
[1;32m53 [ Shard ] [src/tiling.c -> 44] [0mTiled: 2 -> 14680067
[1;32m54 [ Shard ] [src/tiling.c -> 44] [0mTiled: 3 -> 12582915
[1;32m55 [ Shard ] [src/events.c -> 76] [0mEvent: KeyPress
[1;32m56 [ Shard ] [src/tiling.c -> 42] [0mUpdating stack....
[1;32m57 [ Shard ] [src/tiling.c -> 44] [0mTiled: 0 -> 8388611
[1;32m58 [ Shard ] [src/tiling.c -> 44] [0mTiled: 1 -> 14680067
[1;32m59 [ Shard ] [src/tiling.c -> 44] [0mTiled: 2 -> 10485763
[1;32m60 [ Shard ] [src/tiling.c -> 44] [0mTiled: 3 -> 12582915
[1;32m61 [ Shard ] [src/events.c -> 76] [0mEvent: KeyPress
[1;32m62 [ Shard ] [src/tiling.c -> 42] [0mUpdating stack....
[1;32m63 [ Shard ] [src/tiling.c -> 44] [0mTiled: 0 -> 14680067
[1;32m64 [ Shard ] [src/tiling.c -> 44] [0mTiled: 1 -> 8388611
[1;32m65 [ Shard ] [src/tiling.c -> 44] [0mTiled: 2 -> 10485763
[1;32m66 [ Shard ] [src/tiling.c -> 44] [0mTiled: 3 -> 12582915
[1;32m67 [ Shard ] [src/events.c -> 76] [0mEvent: KeyPress
[1;32m68 [ Shard ] [src/tiling.c -> 42] [0mUpdating stack....
[1;32m69 [ Shard ] [src/tiling.c -> 44] [0mTiled: 0 -> 8388611
[1;32m70 [ Shard ] [src/tiling.c -> 44] [0mTiled: 1 -> 14680067
[1;32m71 [ Shard ] [src/tiling.c -> 44] [0mTiled: 2 -> 10485763
[1;32m72 [ Shard ] [src/tiling.c -> 44] [0mTiled: 3 -> 12582915
[1;32m73 [ Shard ] [src/events.c -> 76] [0mEvent: KeyPress
[1;32m74 [ Shard ] [src/events.c -> 82] [0mEvent: EnterNotify
[1;32m75 [ Shard ] [src/events.c -> 82] [0mEvent: EnterNotify
[1;32m76 [ Shard ] [src/shard.c -> 268] [0mExiting...
[1;32m77 [ Shard ] [src/events.c -> 76] [0mEvent: KeyPress
[1;32m78 [ Shard ] [src/shard.c -> 320] [0mClosing display -> :50
