[1;32m[ Shard ] [src/shard.c -> 307] [0mInitializing shardWM on display :50
[1;32m[ Shard ] [src/shard.c -> 317] [0mCreated cursor!
[1;32m[ Shard ] [src/shard.c -> 318] [0mGrabbed input!
[1;32m[ Shard ] [src/shard.c -> 319] [0mInitialized shardWM
[1;32m[ Shard ] [src/shard.c -> 88] [0mEvent: ConfigureRequest
[1;32m[ Shard ] [src/shard.c -> 170] [0mAdded window 6291459
[1;32m[ Shard ] [src/shard.c -> 198] [0mCentered window 6291459
[1;32m[ Shard ] [src/shard.c -> 103] [0mEvent: MapRequest
[1;32m[ Shard ] [src/shard.c -> 118] [0mEvent: EnterNotify
[1;32m[ Shard ] [src/shard.c -> 134] [0mEvent: MappingNotify
[1;32m[ Shard ] [src/shard.c -> 71] [0mEvent: ButtonPress
[1;32m[ Shard ] [src/shard.c -> 75] [0mEvent: ButtonRelease
[1;32m[ Shard ] [src/shard.c -> 118] [0mEvent: EnterNotify
[1;32m[ Shard ] [src/shard.c -> 71] [0mEvent: ButtonPress
[1;32m[ Shard ] [src/shard.c -> 75] [0mEvent: ButtonRelease
[1;32m[ Shard ] [src/shard.c -> 118] [0mEvent: EnterNotify
[1;32m[ Shard ] [src/shard.c -> 264] [0mRunning shard...
[1;32m[ Shard ] [src/shard.c -> 112] [0mEvent: KeyPress
[1;32m[ Shard ] [src/shard.c -> 88] [0mEvent: ConfigureRequest
[1;32m[ Shard ] [src/shard.c -> 170] [0mAdded window 10485763
[1;32m[ Shard ] [src/shard.c -> 198] [0mCentered window 10485763
[1;32m[ Shard ] [src/shard.c -> 103] [0mEvent: MapRequest
[1;32m[ Shard ] [src/shard.c -> 118] [0mEvent: EnterNotify
[1;32m[ Shard ] [src/shard.c -> 264] [0mRunning shard...
[1;32m[ Shard ] [src/shard.c -> 112] [0mEvent: KeyPress
[1;32m[ Shard ] [src/shard.c -> 88] [0mEvent: ConfigureRequest
[1;32m[ Shard ] [src/shard.c -> 170] [0mAdded window 12582915
[1;32m[ Shard ] [src/shard.c -> 198] [0mCentered window 12582915
[1;32m[ Shard ] [src/shard.c -> 103] [0mEvent: MapRequest
[1;32m[ Shard ] [src/shard.c -> 118] [0mEvent: EnterNotify
[1;32m[ Shard ] [src/shard.c -> 264] [0mRunning shard...
[1;32m[ Shard ] [src/shard.c -> 112] [0mEvent: KeyPress
[1;32m[ Shard ] [src/shard.c -> 88] [0mEvent: ConfigureRequest
[1;32m[ Shard ] [src/shard.c -> 170] [0mAdded window 14680067
[1;32m[ Shard ] [src/shard.c -> 198] [0mCentered window 14680067
[1;32m[ Shard ] [src/shard.c -> 103] [0mEvent: MapRequest
[1;32m[ Shard ] [src/shard.c -> 118] [0mEvent: EnterNotify
[1;32m[ Shard ] [src/shard.c -> 264] [0mRunning shard...
[1;32m[ Shard ] [src/shard.c -> 112] [0mEvent: KeyPress
[1;32m[ Shard ] [src/shard.c -> 88] [0mEvent: ConfigureRequest
[1;32m[ Shard ] [src/shard.c -> 170] [0mAdded window 16777219
[1;32m[ Shard ] [src/shard.c -> 198] [0mCentered window 16777219
[1;32m[ Shard ] [src/shard.c -> 103] [0mEvent: MapRequest
[1;32m[ Shard ] [src/shard.c -> 118] [0mEvent: EnterNotify
[1;32m[ Shard ] [src/shard.c -> 272] [0mExiting...
[1;32m[ Shard ] [src/shard.c -> 112] [0mEvent: KeyPress
[1;32m[ Shard ] [src/shard.c -> 323] [0mClosing display -> :50
